go: downloading github.com/go-chi/chi/v5 v5.1.0
go: downloading github.com/go-webauthn/webauthn v0.11.2
go: downloading github.com/google/uuid v1.6.0
go: downloading github.com/golang-jwt/jwt/v5 v5.3.1
go: downloading github.com/pquerna/otp v1.5.0
go: downloading golang.org/x/crypto v0.41.0
go: downloading github.com/gorilla/websocket v1.5.3
go: downloading github.com/jackc/pgx/v5 v5.7.1
go: downloading github.com/prometheus/client_golang v1.20.5
go: downloading github.com/go-chi/cors v1.2.1
go: downloading go.opentelemetry.io/contrib/instrumentation/net/http/otelhttp v0.54.0
go: downloading go.opentelemetry.io/otel v1.29.0
go: downloading go.opentelemetry.io/otel/exporters/otlp/otlptrace/otlptracehttp v1.29.0
go: downloading go.opentelemetry.io/otel/sdk v1.29.0
go: downloading go.opentelemetry.io/otel/exporters/otlp/otlptrace v1.29.0
go: downloading github.com/pkg/sftp v1.13.10
go: downloading github.com/boombuler/barcode v1.0.1-0.20190219062509-6c824513bacc
go: downloading github.com/google/go-tpm v0.9.1
go: downloading go.opentelemetry.io/otel/metric v1.29.0
go: downloading go.opentelemetry.io/otel/trace v1.29.0
go: downloading github.com/felixge/httpsnoop v1.0.4
go: downloading github.com/mitchellh/mapstructure v1.5.0
go: downloading github.com/beorn7/perks v1.0.1
go: downloading github.com/cespare/xxhash/v2 v2.3.0
go: downloading github.com/prometheus/client_model v0.6.1
go: downloading github.com/prometheus/common v0.55.0
go: downloading github.com/prometheus/procfs v0.15.1
go: downloading google.golang.org/protobuf v1.34.2
go: downloading github.com/klauspost/compress v1.17.9
go: downloading github.com/jackc/puddle/v2 v2.2.2
go: downloading github.com/kr/fs v0.1.0
go: downloading github.com/go-logr/logr v1.4.2
go: downloading github.com/go-webauthn/x v0.1.14
go: downloading github.com/fxamacker/cbor/v2 v2.7.0
go: downloading go.opentelemetry.io/proto/otlp v1.3.1
go: downloading golang.org/x/sys v0.35.0
go: downloading github.com/jackc/pgpassfile v1.0.0
go: downloading github.com/jackc/pgservicefile v0.0.0-20240606120523-5a60cdf6a761
go: downloading golang.org/x/text v0.28.0
go: downloading github.com/go-logr/stdr v1.2.2
go: downloading github.com/munnerz/goautoneg v0.0.0-20191010083416-a7dc8b61c822
go: downloading google.golang.org/grpc v1.65.0
go: downloading github.com/cenkalti/backoff/v4 v4.3.0
go: downloading golang.org/x/sync v0.16.0
go: downloading github.com/x448/float16 v0.8.4
go: downloading github.com/grpc-ecosystem/grpc-gateway/v2 v2.22.0
go: downloading golang.org/x/net v0.42.0
go: downloading google.golang.org/genproto/googleapis/rpc v0.0.0-20240822170219-fc7c04adadcd
go: downloading google.golang.org/genproto/googleapis/api v0.0.0-20240822170219-fc7c04adadcd
